0.72000 0.40000 0.16000
0.86000 0.12000 0.16000
0.70000 0.40000 0.20000
0.70000 0.40000 0.20000
0.80000 0.24000 0.16000
0.86000 0.08000 0.20000
0.82000 0.08000 0.28000
0.82000 0.04000 0.32000
0.82000 0.08000 0.28000
0.80000 0.24000 0.16000

0.90000 0.04000 0.16000
0.86000 0.12000 0.16000
0.86000 0.16000 0.12000
0.80000 0.16000 0.24000
0.80000 0.12000 0.28000
0.74000 0.04000 0.48000
0.82000 0.04000 0.32000
0.78000 0.16000 0.28000
0.78000 0.16000 0.28000
0.78000 0.20000 0.24000
0.78000 0.04000 0.40000
0.94000 0.04000 0.08000
0.94000 0.00000 0.12000
0.98000 0.00000 0.04000
1.00000 0.00000 0.00000
0.96000 0.04000 0.04000
0.96000 0.00000 0.08000
0.96000 0.00000 0.08000
0.98000 0.00000 0.04000